<?xml version="1.0" encoding="UTF-8"?>
<testsuite xmlns:xsi="http://www.w3.org/2001/XMLSchema-instance" xsi:noNamespaceSchemaLocation="https://maven.apache.org/surefire/maven-surefire-plugin/xsd/surefire-test-report.xsd" name="UrlShortenerTest" time="0.114" tests="1" errors="0" skipped="0" failures="0">
  <properties>
    <property name="java.specification.version" value="21"/>
    <property name="sun.jnu.encoding" value="UTF-8"/>
    <property name="java.class.path" value="/home/yash-khose/url-shortener/target/test-classes:/home/yash-khose/url-shortener/target/classes:/home/yash-khose/.m2/repository/org/springframework/boot/spring-boot-starter-web/2.7.6/spring-boot-starter-web-2.7.6.jar:/home/yash-khose/.m2/repository/org/springframework/boot/spring-boot-starter/2.7.6/spring-boot-starter-2.7.6.jar:/home/yash-khose/.m2/repository/org/springframework/boot/spring-boot/2.7.6/spring-boot-2.7.6.jar:/home/yash-khose/.m2/repository/org/springframework/boot/spring-boot-autoconfigure/2.7.6/spring-boot-autoconfigure-2.7.6.jar:/home/yash-khose/.m2/repository/org/springframework/boot/spring-boot-starter-logging/2.7.6/spring-boot-starter-logging-2.7.6.jar:/home/yash-khose/.m2/repository/ch/qos/logback/logback-classic/1.2.11/logback-classic-1.2.11.jar:/home/yash-khose/.m2/repository/ch/qos/logback/logback-core/1.2.11/logback-core-1.2.11.jar:/home/yash-khose/.m2/repository/org/apache/logging/log4j/log4j-to-slf4j/2.17.2/log4j-to-slf4j-2.17.2.jar:/home/yash-khose/.m2/repository/org/apache/logging/log4j/log4j-api/2.17.2/log4j-api-2.17.2.jar:/home/yash-khose/.m2/repository/org/slf4j/jul-to-slf4j/1.7.36/jul-to-slf4j-1.7.36.jar:/home/yash-khose/.m2/repository/jakarta/annotation/jakarta.annotation-api/1.3.5/jakarta.annotation-api-1.3.5.jar:/home/yash-khose/.m2/repository/org/springframework/spring-core/5.3.24/spring-core-5.3.24.jar:/home/yash-khose/.m2/repository/org/springframework/spring-jcl/5.3.24/spring-jcl-5.3.24.jar:/home/yash-khose/.m2/repository/org/yaml/snakeyaml/1.30/snakeyaml-1.30.jar:/home/yash-khose/.m2/repository/org/springframework/boot/spring-boot-starter-json/2.7.6/spring-boot-starter-json-2.7.6.jar:/home/yash-khose/.m2/repository/com/fasterxml/jackson/core/jackson-databind/2.13.4.2/jackson-databind-2.13.4.2.jar:/home/yash-khose/.m2/repository/com/fasterxml/jackson/core/jackson-annotations/2.13.4/jackson-annotations-2.13.4.jar:/home/yash-khose/.m2/repository/com/fasterxml/jackson/core/jackson-core/2.13.4/jackson-core-2.13.4.jar:/home/yash-khose/.m2/repository/com/fasterxml/jackson/datatype/jackson-datatype-jdk8/2.13.4/jackson-datatype-jdk8-2.13.4.jar:/home/yash-khose/.m2/repository/com/fasterxml/jackson/datatype/jackson-datatype-jsr310/2.13.4/jackson-datatype-jsr310-2.13.4.jar:/home/yash-khose/.m2/repository/com/fasterxml/jackson/module/jackson-module-parameter-names/2.13.4/jackson-module-parameter-names-2.13.4.jar:/home/yash-khose/.m2/repository/org/springframework/boot/spring-boot-starter-tomcat/2.7.6/spring-boot-starter-tomcat-2.7.6.jar:/home/yash-khose/.m2/repository/org/apache/tomcat/embed/tomcat-embed-core/9.0.69/tomcat-embed-core-9.0.69.jar:/home/yash-khose/.m2/repository/org/apache/tomcat/embed/tomcat-embed-el/9.0.69/tomcat-embed-el-9.0.69.jar:/home/yash-khose/.m2/repository/org/apache/tomcat/embed/tomcat-embed-websocket/9.0.69/tomcat-embed-websocket-9.0.69.jar:/home/yash-khose/.m2/repository/org/springframework/spring-web/5.3.24/spring-web-5.3.24.jar:/home/yash-khose/.m2/repository/org/springframework/spring-beans/5.3.24/spring-beans-5.3.24.jar:/home/yash-khose/.m2/repository/org/springframework/spring-webmvc/5.3.24/spring-webmvc-5.3.24.jar:/home/yash-khose/.m2/repository/org/springframework/spring-aop/5.3.24/spring-aop-5.3.24.jar:/home/yash-khose/.m2/repository/org/springframework/spring-context/5.3.24/spring-context-5.3.24.jar:/home/yash-khose/.m2/repository/org/springframework/spring-expression/5.3.24/spring-expression-5.3.24.jar:/home/yash-khose/.m2/repository/jakarta/servlet/jakarta.servlet-api/6.0.0/jakarta.servlet-api-6.0.0.jar:/home/yash-khose/.m2/repository/org/springframework/boot/spring-boot-starter-thymeleaf/2.7.6/spring-boot-starter-thymeleaf-2.7.6.jar:/home/yash-khose/.m2/repository/org/thymeleaf/thymeleaf-spring5/3.0.15.RELEASE/thymeleaf-spring5-3.0.15.RELEASE.jar:/home/yash-khose/.m2/repository/org/thymeleaf/thymeleaf/3.0.15.RELEASE/thymeleaf-3.0.15.RELEASE.jar:/home/yash-khose/.m2/repository/org/attoparser/attoparser/2.0.5.RELEASE/attoparser-2.0.5.RELEASE.jar:/home/yash-khose/.m2/repository/org/unbescape/unbescape/1.1.6.RELEASE/unbescape-1.1.6.RELEASE.jar:/home/yash-khose/.m2/repository/org/slf4j/slf4j-api/1.7.36/slf4j-api-1.7.36.jar:/home/yash-khose/.m2/repository/org/thymeleaf/extras/thymeleaf-extras-java8time/3.0.4.RELEASE/thymeleaf-extras-java8time-3.0.4.RELEASE.jar:/home/yash-khose/.m2/repository/org/springframework/boot/spring-boot-starter-actuator/2.7.6/spring-boot-starter-actuator-2.7.6.jar:/home/yash-khose/.m2/repository/org/springframework/boot/spring-boot-actuator-autoconfigure/2.7.6/spring-boot-actuator-autoconfigure-2.7.6.jar:/home/yash-khose/.m2/repository/org/springframework/boot/spring-boot-actuator/2.7.6/spring-boot-actuator-2.7.6.jar:/home/yash-khose/.m2/repository/io/micrometer/micrometer-core/1.9.6/micrometer-core-1.9.6.jar:/home/yash-khose/.m2/repository/org/hdrhistogram/HdrHistogram/2.1.12/HdrHistogram-2.1.12.jar:/home/yash-khose/.m2/repository/org/latencyutils/LatencyUtils/2.0.3/LatencyUtils-2.0.3.jar:/home/yash-khose/.m2/repository/junit/junit/4.13.2/junit-4.13.2.jar:/home/yash-khose/.m2/repository/org/hamcrest/hamcrest-core/2.2/hamcrest-core-2.2.jar:/home/yash-khose/.m2/repository/org/hamcrest/hamcrest/2.2/hamcrest-2.2.jar:/home/yash-khose/.m2/repository/io/micrometer/micrometer-registry-graphite/1.11.2/micrometer-registry-graphite-1.11.2.jar:/home/yash-khose/.m2/repository/io/dropwizard/metrics/metrics-graphite/4.2.13/metrics-graphite-4.2.13.jar:/home/yash-khose/.m2/repository/io/dropwizard/metrics/metrics-core/4.2.13/metrics-core-4.2.13.jar:/home/yash-khose/.m2/repository/com/rabbitmq/amqp-client/5.14.2/amqp-client-5.14.2.jar:"/>
    <property name="java.vm.vendor" value="Ubuntu"/>
    <property name="sun.arch.data.model" value="64"/>
    <property name="java.vendor.url" value="https://ubuntu.com/"/>
    <property name="os.name" value="Linux"/>
    <property name="java.vm.specification.version" value="21"/>
    <property name="sun.java.launcher" value="SUN_STANDARD"/>
    <property name="user.country" value="US"/>
    <property name="sun.boot.library.path" value="/usr/lib/jvm/java-21-openjdk-amd64/lib"/>
    <property name="sun.java.command" value="/home/yash-khose/url-shortener/target/surefire/surefirebooter9570521471840153547.jar /home/yash-khose/url-shortener/target/surefire 2025-07-05T15-30-31_634-jvmRun1 surefire14989610455160334848tmp surefire_01608926264543974552tmp"/>
    <property name="jdk.debug" value="release"/>
    <property name="surefire.test.class.path" value="/home/yash-khose/url-shortener/target/test-classes:/home/yash-khose/url-shortener/target/classes:/home/yash-khose/.m2/repository/org/springframework/boot/spring-boot-starter-web/2.7.6/spring-boot-starter-web-2.7.6.jar:/home/yash-khose/.m2/repository/org/springframework/boot/spring-boot-starter/2.7.6/spring-boot-starter-2.7.6.jar:/home/yash-khose/.m2/repository/org/springframework/boot/spring-boot/2.7.6/spring-boot-2.7.6.jar:/home/yash-khose/.m2/repository/org/springframework/boot/spring-boot-autoconfigure/2.7.6/spring-boot-autoconfigure-2.7.6.jar:/home/yash-khose/.m2/repository/org/springframework/boot/spring-boot-starter-logging/2.7.6/spring-boot-starter-logging-2.7.6.jar:/home/yash-khose/.m2/repository/ch/qos/logback/logback-classic/1.2.11/logback-classic-1.2.11.jar:/home/yash-khose/.m2/repository/ch/qos/logback/logback-core/1.2.11/logback-core-1.2.11.jar:/home/yash-khose/.m2/repository/org/apache/logging/log4j/log4j-to-slf4j/2.17.2/log4j-to-slf4j-2.17.2.jar:/home/yash-khose/.m2/repository/org/apache/logging/log4j/log4j-api/2.17.2/log4j-api-2.17.2.jar:/home/yash-khose/.m2/repository/org/slf4j/jul-to-slf4j/1.7.36/jul-to-slf4j-1.7.36.jar:/home/yash-khose/.m2/repository/jakarta/annotation/jakarta.annotation-api/1.3.5/jakarta.annotation-api-1.3.5.jar:/home/yash-khose/.m2/repository/org/springframework/spring-core/5.3.24/spring-core-5.3.24.jar:/home/yash-khose/.m2/repository/org/springframework/spring-jcl/5.3.24/spring-jcl-5.3.24.jar:/home/yash-khose/.m2/repository/org/yaml/snakeyaml/1.30/snakeyaml-1.30.jar:/home/yash-khose/.m2/repository/org/springframework/boot/spring-boot-starter-json/2.7.6/spring-boot-starter-json-2.7.6.jar:/home/yash-khose/.m2/repository/com/fasterxml/jackson/core/jackson-databind/2.13.4.2/jackson-databind-2.13.4.2.jar:/home/yash-khose/.m2/repository/com/fasterxml/jackson/core/jackson-annotations/2.13.4/jackson-annotations-2.13.4.jar:/home/yash-khose/.m2/repository/com/fasterxml/jackson/core/jackson-core/2.13.4/jackson-core-2.13.4.jar:/home/yash-khose/.m2/repository/com/fasterxml/jackson/datatype/jackson-datatype-jdk8/2.13.4/jackson-datatype-jdk8-2.13.4.jar:/home/yash-khose/.m2/repository/com/fasterxml/jackson/datatype/jackson-datatype-jsr310/2.13.4/jackson-datatype-jsr310-2.13.4.jar:/home/yash-khose/.m2/repository/com/fasterxml/jackson/module/jackson-module-parameter-names/2.13.4/jackson-module-parameter-names-2.13.4.jar:/home/yash-khose/.m2/repository/org/springframework/boot/spring-boot-starter-tomcat/2.7.6/spring-boot-starter-tomcat-2.7.6.jar:/home/yash-khose/.m2/repository/org/apache/tomcat/embed/tomcat-embed-core/9.0.69/tomcat-embed-core-9.0.69.jar:/home/yash-khose/.m2/repository/org/apache/tomcat/embed/tomcat-embed-el/9.0.69/tomcat-embed-el-9.0.69.jar:/home/yash-khose/.m2/repository/org/apache/tomcat/embed/tomcat-embed-websocket/9.0.69/tomcat-embed-websocket-9.0.69.jar:/home/yash-khose/.m2/repository/org/springframework/spring-web/5.3.24/spring-web-5.3.24.jar:/home/yash-khose/.m2/repository/org/springframework/spring-beans/5.3.24/spring-beans-5.3.24.jar:/home/yash-khose/.m2/repository/org/springframework/spring-webmvc/5.3.24/spring-webmvc-5.3.24.jar:/home/yash-khose/.m2/repository/org/springframework/spring-aop/5.3.24/spring-aop-5.3.24.jar:/home/yash-khose/.m2/repository/org/springframework/spring-context/5.3.24/spring-context-5.3.24.jar:/home/yash-khose/.m2/repository/org/springframework/spring-expression/5.3.24/spring-expression-5.3.24.jar:/home/yash-khose/.m2/repository/jakarta/servlet/jakarta.servlet-api/6.0.0/jakarta.servlet-api-6.0.0.jar:/home/yash-khose/.m2/repository/org/springframework/boot/spring-boot-starter-thymeleaf/2.7.6/spring-boot-starter-thymeleaf-2.7.6.jar:/home/yash-khose/.m2/repository/org/thymeleaf/thymeleaf-spring5/3.0.15.RELEASE/thymeleaf-spring5-3.0.15.RELEASE.jar:/home/yash-khose/.m2/repository/org/thymeleaf/thymeleaf/3.0.15.RELEASE/thymeleaf-3.0.15.RELEASE.jar:/home/yash-khose/.m2/repository/org/attoparser/attoparser/2.0.5.RELEASE/attoparser-2.0.5.RELEASE.jar:/home/yash-khose/.m2/repository/org/unbescape/unbescape/1.1.6.RELEASE/unbescape-1.1.6.RELEASE.jar:/home/yash-khose/.m2/repository/org/slf4j/slf4j-api/1.7.36/slf4j-api-1.7.36.jar:/home/yash-khose/.m2/repository/org/thymeleaf/extras/thymeleaf-extras-java8time/3.0.4.RELEASE/thymeleaf-extras-java8time-3.0.4.RELEASE.jar:/home/yash-khose/.m2/repository/org/springframework/boot/spring-boot-starter-actuator/2.7.6/spring-boot-starter-actuator-2.7.6.jar:/home/yash-khose/.m2/repository/org/springframework/boot/spring-boot-actuator-autoconfigure/2.7.6/spring-boot-actuator-autoconfigure-2.7.6.jar:/home/yash-khose/.m2/repository/org/springframework/boot/spring-boot-actuator/2.7.6/spring-boot-actuator-2.7.6.jar:/home/yash-khose/.m2/repository/io/micrometer/micrometer-core/1.9.6/micrometer-core-1.9.6.jar:/home/yash-khose/.m2/repository/org/hdrhistogram/HdrHistogram/2.1.12/HdrHistogram-2.1.12.jar:/home/yash-khose/.m2/repository/org/latencyutils/LatencyUtils/2.0.3/LatencyUtils-2.0.3.jar:/home/yash-khose/.m2/repository/junit/junit/4.13.2/junit-4.13.2.jar:/home/yash-khose/.m2/repository/org/hamcrest/hamcrest-core/2.2/hamcrest-core-2.2.jar:/home/yash-khose/.m2/repository/org/hamcrest/hamcrest/2.2/hamcrest-2.2.jar:/home/yash-khose/.m2/repository/io/micrometer/micrometer-registry-graphite/1.11.2/micrometer-registry-graphite-1.11.2.jar:/home/yash-khose/.m2/repository/io/dropwizard/metrics/metrics-graphite/4.2.13/metrics-graphite-4.2.13.jar:/home/yash-khose/.m2/repository/io/dropwizard/metrics/metrics-core/4.2.13/metrics-core-4.2.13.jar:/home/yash-khose/.m2/repository/com/rabbitmq/amqp-client/5.14.2/amqp-client-5.14.2.jar:"/>
    <property name="sun.cpu.endian" value="little"/>
    <property name="user.home" value="/home/yash-khose"/>
    <property name="user.language" value="en"/>
    <property name="java.specification.vendor" value="Oracle Corporation"/>
    <property name="java.version.date" value="2025-04-15"/>
    <property name="java.home" value="/usr/lib/jvm/java-21-openjdk-amd64"/>
    <property name="file.separator" value="/"/>
    <property name="basedir" value="/home/yash-khose/url-shortener"/>
    <property name="java.vm.compressedOopsMode" value="32-bit"/>
    <property name="line.separator" value="&#10;"/>
    <property name="java.specification.name" value="Java Platform API Specification"/>
    <property name="java.vm.specification.vendor" value="Oracle Corporation"/>
    <property name="surefire.real.class.path" value="/home/yash-khose/url-shortener/target/surefire/surefirebooter9570521471840153547.jar"/>
    <property name="sun.management.compiler" value="HotSpot 64-Bit Tiered Compilers"/>
    <property name="java.runtime.version" value="21.0.7+6-Ubuntu-0ubuntu124.04"/>
    <property name="user.name" value="yash-khose"/>
    <property name="stdout.encoding" value="UTF-8"/>
    <property name="path.separator" value=":"/>
    <property name="os.version" value="6.11.0-28-generic"/>
    <property name="java.runtime.name" value="OpenJDK Runtime Environment"/>
    <property name="file.encoding" value="UTF-8"/>
    <property name="java.vm.name" value="OpenJDK 64-Bit Server VM"/>
    <property name="localRepository" value="/home/yash-khose/.m2/repository"/>
    <property name="java.vendor.url.bug" value="https://bugs.launchpad.net/ubuntu/+source/openjdk-21"/>
    <property name="java.io.tmpdir" value="/tmp"/>
    <property name="java.version" value="21.0.7"/>
    <property name="user.dir" value="/home/yash-khose/url-shortener"/>
    <property name="os.arch" value="amd64"/>
    <property name="java.vm.specification.name" value="Java Virtual Machine Specification"/>
    <property name="native.encoding" value="UTF-8"/>
    <property name="java.library.path" value="/usr/java/packages/lib:/usr/lib/x86_64-linux-gnu/jni:/lib/x86_64-linux-gnu:/usr/lib/x86_64-linux-gnu:/usr/lib/jni:/lib:/usr/lib"/>
    <property name="java.vm.info" value="mixed mode, sharing"/>
    <property name="stderr.encoding" value="UTF-8"/>
    <property name="java.vendor" value="Ubuntu"/>
    <property name="java.vm.version" value="21.0.7+6-Ubuntu-0ubuntu124.04"/>
    <property name="sun.io.unicode.encoding" value="UnicodeLittle"/>
    <property name="java.class.version" value="65.0"/>
  </properties>
  <testcase name="testShortenAndRetrieve" classname="UrlShortenerTest" time="0.033"/>
</testsuite>